<?xml version="1.0" encoding="UTF-8"?>
<!-- Generated by org.testng.reporters.JUnitReportReporter -->
<testsuite hostname="FSSCHND11109" name="execute_Blazedemo.BlazedemoExecute" tests="1" failures="0" timestamp="27 Aug 2020 16:04:16 GMT" time="31.128" errors="0">
  <testcase name="runScripts" time="31.128" classname="execute_Blazedemo.BlazedemoExecute"/>
</testsuite> <!-- execute_Blazedemo.BlazedemoExecute -->
